Started GET "/" for ::1 at 2022-10-22 19:46:21 +0530
Processing by Rails::WelcomeController#index as HTML
  Rendering C:/Ruby30-x64/lib/ruby/gems/3.0.0/gems/railties-7.0.4/lib/rails/templates/rails/welcome/index.html.erb
  Rendered C:/Ruby30-x64/lib/ruby/gems/3.0.0/gems/railties-7.0.4/lib/rails/templates/rails/welcome/index.html.erb (Duration: 7.1ms | Allocations: 855)
Completed 200 OK in 68ms (Views: 25.0ms | ActiveRecord: 0.0ms | Allocations: 8070)


Started GET "/home/index" for ::1 at 2022-10-22 19:46:48 +0530
Processing by HomeController#index as HTML
  Rendering layout layouts/application.html.erb
  Rendering home/index.html.erb within layouts/application
  Rendered home/index.html.erb within layouts/application (Duration: 1.7ms | Allocations: 448)
  Rendered layout layouts/application.html.erb (Duration: 1591.0ms | Allocations: 84563)
Completed 500 Internal Server Error in 1618ms (ActiveRecord: 0.0ms | Allocations: 90515)


  
ActionView::Template::Error (Permission denied @ rb_file_s_rename - (C:/ruby/friends/tmp/cache/assets/sprockets/v4.0.0/1p/1phusR7EMukFbwlPqGzN9WrcmV0WY9fdLwmxqCIUJoQ.cache.21660.14400.155949, C:/ruby/friends/tmp/cache/assets/sprockets/v4.0.0/1p/1phusR7EMukFbwlPqGzN9WrcmV0WY9fdLwmxqCIUJoQ.cache)):
  
sprockets (4.1.1) lib/sprockets/path_utils.rb:362:in `rename'
sprockets (4.1.1) lib/sprockets/path_utils.rb:362:in `atomic_write'
sprockets (4.1.1) lib/sprockets/cache/file_store.rb:112:in `set'
sprockets (4.1.1) lib/sprockets/cache.rb:227:in `set'
sprockets (4.1.1) lib/sprockets/cache.rb:143:in `set'
sprockets (4.1.1) lib/sprockets/loader.rb:266:in `store_asset'
sprockets (4.1.1) lib/sprockets/loader.rb:226:in `load_from_unloaded'
sprockets (4.1.1) lib/sprockets/loader.rb:59:in `block in load'
sprockets (4.1.1) lib/sprockets/loader.rb:337:in `fetch_asset_from_dependency_cache'
sprockets (4.1.1) lib/sprockets/loader.rb:43:in `load'
sprockets (4.1.1) lib/sprockets/cached_environment.rb:44:in `block in load'
sprockets (4.1.1) lib/sprockets/cached_environment.rb:44:in `fetch'
sprockets (4.1.1) lib/sprockets/cached_environment.rb:44:in `load'
sprockets (4.1.1) lib/sprockets/context.rb:117:in `load'
sprockets (4.1.1) lib/sprockets/context.rb:145:in `depend_on_asset'
sprockets (4.1.1) lib/sprockets/context.rb:185:in `link_asset'
sprockets-rails (3.4.2) lib/sprockets/rails/context.rb:27:in `compute_asset_path'
actionview (7.0.4) lib/action_view/helpers/asset_url_helper.rb:203:in `asset_path'
sprockets-rails (3.4.2) lib/sprockets/rails/sourcemapping_url_processor.rb:41:in `sourcemap_asset_path'
sprockets-rails (3.4.2) lib/sprockets/rails/sourcemapping_url_processor.rb:34:in `resolved_sourcemap_comment'
sprockets-rails (3.4.2) lib/sprockets/rails/sourcemapping_url_processor.rb:15:in `block in call'
sprockets-rails (3.4.2) lib/sprockets/rails/sourcemapping_url_processor.rb:11:in `gsub'
sprockets-rails (3.4.2) lib/sprockets/rails/sourcemapping_url_processor.rb:11:in `call'
sprockets (4.1.1) lib/sprockets/processor_utils.rb:84:in `call_processor'
sprockets (4.1.1) lib/sprockets/processor_utils.rb:66:in `block in call_processors'
sprockets (4.1.1) lib/sprockets/processor_utils.rb:65:in `reverse_each'
sprockets (4.1.1) lib/sprockets/processor_utils.rb:65:in `call_processors'
sprockets (4.1.1) lib/sprockets/loader.rb:182:in `load_from_unloaded'
sprockets (4.1.1) lib/sprockets/loader.rb:59:in `block in load'
sprockets (4.1.1) lib/sprockets/loader.rb:337:in `fetch_asset_from_dependency_cache'
sprockets (4.1.1) lib/sprockets/loader.rb:43:in `load'
sprockets (4.1.1) lib/sprockets/cached_environment.rb:44:in `block in load'
sprockets (4.1.1) lib/sprockets/cached_environment.rb:44:in `fetch'
sprockets (4.1.1) lib/sprockets/cached_environment.rb:44:in `load'
sprockets (4.1.1) lib/sprockets/bundle.rb:27:in `call'
sprockets (4.1.1) lib/sprockets/processor_utils.rb:84:in `call_processor'
sprockets (4.1.1) lib/sprockets/processor_utils.rb:66:in `block in call_processors'
sprockets (4.1.1) lib/sprockets/processor_utils.rb:65:in `reverse_each'
sprockets (4.1.1) lib/sprockets/processor_utils.rb:65:in `call_processors'
sprockets (4.1.1) lib/sprockets/loader.rb:182:in `load_from_unloaded'
sprockets (4.1.1) lib/sprockets/loader.rb:59:in `block in load'
sprockets (4.1.1) lib/sprockets/loader.rb:337:in `fetch_asset_from_dependency_cache'
sprockets (4.1.1) lib/sprockets/loader.rb:43:in `load'
sprockets (4.1.1) lib/sprockets/cached_environment.rb:44:in `block in load'
sprockets (4.1.1) lib/sprockets/cached_environment.rb:44:in `fetch'
sprockets (4.1.1) lib/sprockets/cached_environment.rb:44:in `load'
sprockets (4.1.1) lib/sprockets/base.rb:81:in `find_asset'
sprockets (4.1.1) lib/sprockets/base.rb:88:in `find_all_linked_assets'
sprockets (4.1.1) lib/sprockets/manifest.rb:125:in `each'
sprockets (4.1.1) lib/sprockets/manifest.rb:125:in `to_a'
sprockets (4.1.1) lib/sprockets/manifest.rb:125:in `block (2 levels) in find'
concurrent-ruby (1.1.10) lib/concurrent-ruby/concurrent/executor/safe_task_executor.rb:24:in `block in execute'
concurrent-ruby (1.1.10) lib/concurrent-ruby/concurrent/synchronization/mutex_lockable_object.rb:47:in `block in synchronize'
concurrent-ruby (1.1.10) lib/concurrent-ruby/concurrent/synchronization/mutex_lockable_object.rb:47:in `synchronize'
concurrent-ruby (1.1.10) lib/concurrent-ruby/concurrent/synchronization/mutex_lockable_object.rb:47:in `synchronize'
concurrent-ruby (1.1.10) lib/concurrent-ruby/concurrent/executor/safe_task_executor.rb:22:in `execute'
concurrent-ruby (1.1.10) lib/concurrent-ruby/concurrent/promise.rb:564:in `block in realize'
concurrent-ruby (1.1.10) lib/concurrent-ruby/concurrent/executor/ruby_thread_pool_executor.rb:352:in `run_task'
concurrent-ruby (1.1.10) lib/concurrent-ruby/concurrent/executor/ruby_thread_pool_executor.rb:343:in `block (3 levels) in create_worker'
concurrent-ruby (1.1.10) lib/concurrent-ruby/concurrent/executor/ruby_thread_pool_executor.rb:334:in `loop'
concurrent-ruby (1.1.10) lib/concurrent-ruby/concurrent/executor/ruby_thread_pool_executor.rb:334:in `block (2 levels) in create_worker'
concurrent-ruby (1.1.10) lib/concurrent-ruby/concurrent/executor/ruby_thread_pool_executor.rb:333:in `catch'
concurrent-ruby (1.1.10) lib/concurrent-ruby/concurrent/executor/ruby_thread_pool_executor.rb:333:in `block in create_worker'
Started GET "/home/index" for ::1 at 2022-10-22 19:46:59 +0530
Processing by HomeController#index as HTML
  Rendering layout layouts/application.html.erb
  Rendering home/index.html.erb within layouts/application
  Rendered home/index.html.erb within layouts/application (Duration: 0.0ms | Allocations: 7)
  Rendered layout layouts/application.html.erb (Duration: 117.5ms | Allocations: 36922)
Completed 200 OK in 120ms (Views: 118.0ms | ActiveRecord: 0.0ms | Allocations: 37333)


Started GET "/" for ::1 at 2022-10-22 19:51:18 +0530
Processing by HomeController#index as HTML
  Rendering layout layouts/application.html.erb
  Rendering home/index.html.erb within layouts/application
  Rendered home/index.html.erb within layouts/application (Duration: 0.1ms | Allocations: 12)
  Rendered layout layouts/application.html.erb (Duration: 29.7ms | Allocations: 14633)
Completed 200 OK in 34ms (Views: 31.8ms | Allocations: 15537)


Started GET "/" for ::1 at 2022-10-22 20:00:54 +0530
Processing by HomeController#index as HTML
  Rendering layout layouts/application.html.erb
  Rendering home/index.html.erb within layouts/application
  Rendered home/index.html.erb within layouts/application (Duration: 1.0ms | Allocations: 132)
  Rendered layout layouts/application.html.erb (Duration: 11.0ms | Allocations: 4801)
Completed 200 OK in 31ms (Views: 25.6ms | Allocations: 5973)


Started GET "/" for ::1 at 2022-10-22 20:01:33 +0530
Processing by HomeController#index as HTML
  Rendering layout layouts/application.html.erb
  Rendering home/index.html.erb within layouts/application
  Rendered home/index.html.erb within layouts/application (Duration: 0.9ms | Allocations: 127)
  Rendered layout layouts/application.html.erb (Duration: 8.3ms | Allocations: 3306)
Completed 200 OK in 18ms (Views: 14.4ms | Allocations: 4461)


Started GET "/" for ::1 at 2022-10-22 20:02:01 +0530
Processing by HomeController#index as HTML
  Rendering layout layouts/application.html.erb
  Rendering home/index.html.erb within layouts/application
  Rendered home/index.html.erb within layouts/application (Duration: 0.8ms | Allocations: 127)
  Rendered layout layouts/application.html.erb (Duration: 9.1ms | Allocations: 3323)
Completed 200 OK in 18ms (Views: 15.0ms | Allocations: 4474)


Started GET "/" for ::1 at 2022-10-22 20:02:13 +0530
Processing by HomeController#index as HTML
  Rendering layout layouts/application.html.erb
  Rendering home/index.html.erb within layouts/application
  Rendered home/index.html.erb within layouts/application (Duration: 0.8ms | Allocations: 127)
  Rendered layout layouts/application.html.erb (Duration: 12.0ms | Allocations: 3316)
Completed 200 OK in 25ms (Views: 22.4ms | Allocations: 4482)


Started GET "/" for ::1 at 2022-10-22 20:06:30 +0530
Processing by HomeController#index as HTML
  Rendering layout layouts/application.html.erb
  Rendering home/index.html.erb within layouts/application
  Rendered home/index.html.erb within layouts/application (Duration: 0.9ms | Allocations: 127)
  Rendered home/_header.html.erb (Duration: 0.9ms | Allocations: 92)
  Rendered layout layouts/application.html.erb (Duration: 11.9ms | Allocations: 3540)
Completed 200 OK in 21ms (Views: 18.1ms | Allocations: 4690)


Started GET "/" for ::1 at 2022-10-22 20:07:16 +0530
Processing by HomeController#index as HTML
  Rendering layout layouts/application.html.erb
  Rendering home/index.html.erb within layouts/application
  Rendered home/index.html.erb within layouts/application (Duration: 1.1ms | Allocations: 127)
  Rendered home/_header.html.erb (Duration: 0.8ms | Allocations: 103)
  Rendered layout layouts/application.html.erb (Duration: 11.7ms | Allocations: 3568)
Completed 200 OK in 21ms (Views: 18.3ms | Allocations: 4718)


Started GET "/" for ::1 at 2022-10-22 20:09:32 +0530
Processing by HomeController#index as HTML
  Rendering layout layouts/application.html.erb
  Rendering home/index.html.erb within layouts/application
  Rendered home/index.html.erb within layouts/application (Duration: 0.9ms | Allocations: 127)
  Rendered home/_header.html.erb (Duration: 10.2ms | Allocations: 4796)
  Rendered layout layouts/application.html.erb (Duration: 20.7ms | Allocations: 8247)
Completed 500 Internal Server Error in 30ms (Allocations: 9370)


  
ActionView::Template::Error (undefined local variable or method `home_about_path' for #<ActionView::Base:0x0000000000ece0>):
     9:     <ul class="navbar-nav mr-auto">
    10: 
    11:       <li class="nav-item">
    12:         <%= link_to "About Us", home_about_path, class:"nav-link" %>
    13:       </li>
    14: 
    15: 
  
app/views/home/_header.html.erb:12
app/views/layouts/application.html.erb:17
Started GET "/" for ::1 at 2022-10-22 20:13:02 +0530
Processing by HomeController#index as HTML
  Rendering layout layouts/application.html.erb
  Rendering home/index.html.erb within layouts/application
  Rendered home/index.html.erb within layouts/application (Duration: 0.8ms | Allocations: 127)
  Rendered home/_header.html.erb (Duration: 10.8ms | Allocations: 4683)
  Rendered layout layouts/application.html.erb (Duration: 21.7ms | Allocations: 8145)
Completed 500 Internal Server Error in 32ms (Allocations: 9255)


  
ActionView::Template::Error (undefined local variable or method `home_about_path' for #<ActionView::Base:0x0000000000f078>):
     9:     <ul class="navbar-nav mr-auto">
    10: 
    11:       <li class="nav-item">
    12:         <%= link_to "About Us", home_about_path, class:"nav-link" %>
    13:       </li>
    14: 
    15: 
  
app/views/home/_header.html.erb:12
app/views/layouts/application.html.erb:17
Started GET "/" for ::1 at 2022-10-22 20:13:14 +0530
Processing by HomeController#index as HTML
  Rendering layout layouts/application.html.erb
  Rendering home/index.html.erb within layouts/application
  Rendered home/index.html.erb within layouts/application (Duration: 1.0ms | Allocations: 127)
  Rendered home/_header.html.erb (Duration: 0.8ms | Allocations: 103)
  Rendered layout layouts/application.html.erb (Duration: 11.3ms | Allocations: 3568)
Completed 200 OK in 21ms (Views: 18.0ms | Allocations: 4712)


Started GET "/" for ::1 at 2022-10-22 20:16:03 +0530
Processing by HomeController#index as HTML
  Rendering layout layouts/application.html.erb
  Rendering home/index.html.erb within layouts/application
  Rendered home/index.html.erb within layouts/application (Duration: 0.9ms | Allocations: 127)
  Rendered layout layouts/application.html.erb (Duration: 9.2ms | Allocations: 3313)
Completed 200 OK in 19ms (Views: 16.5ms | Allocations: 4464)


Started GET "/" for ::1 at 2022-10-22 20:17:39 +0530
Processing by HomeController#index as HTML
  Rendering layout layouts/application.html.erb
  Rendering home/index.html.erb within layouts/application
  Rendered home/index.html.erb within layouts/application (Duration: 0.9ms | Allocations: 127)
  Rendered layout layouts/application.html.erb (Duration: 73.3ms | Allocations: 7298)
Completed 500 Internal Server Error in 82ms (Allocations: 8419)


  
ActionView::Template::Error (undefined method `rander' for #<ActionView::Base:0x0000000000f578>
Did you mean?  rand
               render):
    15:     <h1>Hello, world!</h1>
    16:     <script src="https://cdn.jsdelivr.net/npm/bootstrap@5.2.2/dist/js/bootstrap.bundle.min.js" integrity="sha384-OERcA2EqjJCMA+/3y+gxIOqMEjwtxJY7qPCqsdltbNJuaOe923+mo//f6V8Qbsw3" crossorigin="anonymous"></script>
    17:   <div class="container">
    18:     <%= rander'home/header'%>
    19:     <br>
    20:    <%= yield %>
    21:    </div>
  
app/views/layouts/application.html.erb:18
Started GET "/" for ::1 at 2022-10-22 20:18:12 +0530
Processing by HomeController#index as HTML
  Rendering layout layouts/application.html.erb
  Rendering home/index.html.erb within layouts/application
  Rendered home/index.html.erb within layouts/application (Duration: 0.9ms | Allocations: 130)
  Rendered home/_header.html.erb (Duration: 1.4ms | Allocations: 103)
  Rendered layout layouts/application.html.erb (Duration: 14.7ms | Allocations: 5130)
Completed 200 OK in 28ms (Views: 24.4ms | Allocations: 6284)


Started GET "/" for ::1 at 2022-10-22 20:19:33 +0530
Processing by HomeController#index as HTML
  Rendering layout layouts/application.html.erb
  Rendering home/index.html.erb within layouts/application
  Rendered home/index.html.erb within layouts/application (Duration: 0.8ms | Allocations: 127)
  Rendered home/_header.html.erb (Duration: 0.9ms | Allocations: 174)
  Rendered layout layouts/application.html.erb (Duration: 13.3ms | Allocations: 5155)
Completed 200 OK in 23ms (Views: 19.6ms | Allocations: 6305)


Started GET "/" for ::1 at 2022-10-22 20:19:53 +0530
Processing by HomeController#index as HTML
  Rendering layout layouts/application.html.erb
  Rendering home/index.html.erb within layouts/application
  Rendered home/index.html.erb within layouts/application (Duration: 0.0ms | Allocations: 7)
  Rendered home/_header.html.erb (Duration: 0.0ms | Allocations: 9)
  Rendered layout layouts/application.html.erb (Duration: 8.5ms | Allocations: 4196)
Completed 200 OK in 11ms (Views: 9.0ms | Allocations: 4547)


Started GET "/" for ::1 at 2022-10-22 20:20:13 +0530
Processing by HomeController#index as HTML
  Rendering layout layouts/application.html.erb
  Rendering home/index.html.erb within layouts/application
  Rendered home/index.html.erb within layouts/application (Duration: 0.9ms | Allocations: 127)
  Rendered home/_header.html.erb (Duration: 0.9ms | Allocations: 174)
  Rendered layout layouts/application.html.erb (Duration: 12.4ms | Allocations: 5170)
Completed 200 OK in 22ms (Views: 18.6ms | Allocations: 6304)


Started GET "/" for ::1 at 2022-10-22 20:21:22 +0530
Processing by HomeController#index as HTML
  Rendering layout layouts/application.html.erb
  Rendering home/index.html.erb within layouts/application
  Rendered home/index.html.erb within layouts/application (Duration: 1.0ms | Allocations: 127)
  Rendered home/_header.html.erb (Duration: 0.9ms | Allocations: 150)
  Rendered layout layouts/application.html.erb (Duration: 15.9ms | Allocations: 5137)
Completed 200 OK in 27ms (Views: 23.9ms | Allocations: 6287)


Started GET "/" for ::1 at 2022-10-22 20:24:32 +0530
Processing by HomeController#index as HTML
  Rendering layout layouts/application.html.erb
  Rendering home/index.html.erb within layouts/application
  Rendered home/index.html.erb within layouts/application (Duration: 0.8ms | Allocations: 127)
  Rendered home/_header.html.erb (Duration: 1.1ms | Allocations: 272)
  Rendered layout layouts/application.html.erb (Duration: 13.6ms | Allocations: 5250)
Completed 200 OK in 23ms (Views: 19.6ms | Allocations: 6400)


Started GET "/" for ::1 at 2022-10-22 20:24:35 +0530
Processing by HomeController#index as HTML
  Rendering layout layouts/application.html.erb
  Rendering home/index.html.erb within layouts/application
  Rendered home/index.html.erb within layouts/application (Duration: 0.0ms | Allocations: 7)
  Rendered home/_header.html.erb (Duration: 0.1ms | Allocations: 59)
  Rendered layout layouts/application.html.erb (Duration: 8.4ms | Allocations: 4249)
Completed 200 OK in 11ms (Views: 8.9ms | Allocations: 4600)


Started GET "/home/about" for ::1 at 2022-10-22 20:24:43 +0530
  
ActionController::RoutingError (No route matches [GET] "/home/about"):
  
Started GET "/home/about" for ::1 at 2022-10-22 20:25:21 +0530
  
ActionController::RoutingError (No route matches [GET] "/home/about"):
  
Started GET "/home/about" for ::1 at 2022-10-22 20:27:08 +0530
  
ActionController::RoutingError (No route matches [GET] "/home/about"):
  
Started GET "/home/about" for ::1 at 2022-10-22 20:28:19 +0530
  
ActionController::RoutingError (No route matches [GET] "/home/about"):
  
Started GET "/" for ::1 at 2022-10-22 20:28:22 +0530
Processing by HomeController#index as HTML
  Rendering layout layouts/application.html.erb
  Rendering home/index.html.erb within layouts/application
  Rendered home/index.html.erb within layouts/application (Duration: 0.8ms | Allocations: 127)
  Rendered home/_header.html.erb (Duration: 1.0ms | Allocations: 312)
  Rendered layout layouts/application.html.erb (Duration: 44.6ms | Allocations: 16940)
Completed 200 OK in 54ms (Views: 50.6ms | Allocations: 18122)


Started GET "/" for ::1 at 2022-10-22 20:28:25 +0530
Processing by HomeController#index as HTML
  Rendering layout layouts/application.html.erb
  Rendering home/index.html.erb within layouts/application
  Rendered home/index.html.erb within layouts/application (Duration: 0.0ms | Allocations: 7)
  Rendered home/_header.html.erb (Duration: 0.1ms | Allocations: 59)
  Rendered layout layouts/application.html.erb (Duration: 9.1ms | Allocations: 4240)
Completed 200 OK in 12ms (Views: 10.1ms | Allocations: 4588)


Started GET "/" for ::1 at 2022-10-22 20:28:28 +0530
Processing by HomeController#index as HTML
  Rendering layout layouts/application.html.erb
  Rendering home/index.html.erb within layouts/application
  Rendered home/index.html.erb within layouts/application (Duration: 0.0ms | Allocations: 7)
  Rendered home/_header.html.erb (Duration: 0.1ms | Allocations: 59)
  Rendered layout layouts/application.html.erb (Duration: 7.7ms | Allocations: 4246)
Completed 200 OK in 10ms (Views: 8.2ms | Allocations: 4581)


Started GET "/home/index" for ::1 at 2022-10-22 20:28:34 +0530
  
ActionController::RoutingError (No route matches [GET] "/home/index"):
  
Started GET "/home/about" for ::1 at 2022-10-22 20:29:35 +0530
  
ActionController::RoutingError (No route matches [GET] "/home/about"):
  
Started GET "/home/about" for ::1 at 2022-10-22 20:31:40 +0530
Processing by HomeController#about as HTML
  Rendering layout layouts/application.html.erb
  Rendering home/about.html.erb within layouts/application
  Rendered home/about.html.erb within layouts/application (Duration: 4.1ms | Allocations: 126)
  Rendered home/_header.html.erb (Duration: 2.9ms | Allocations: 309)
  Rendered layout layouts/application.html.erb (Duration: 122.9ms | Allocations: 16923)
Completed 200 OK in 160ms (Views: 148.7ms | Allocations: 18106)


Started GET "/" for ::1 at 2022-10-22 20:31:43 +0530
Processing by HomeController#index as HTML
  Rendering layout layouts/application.html.erb
  Rendering home/index.html.erb within layouts/application
  Rendered home/index.html.erb within layouts/application (Duration: 2.8ms | Allocations: 102)
  Rendered home/_header.html.erb (Duration: 0.6ms | Allocations: 59)
  Rendered layout layouts/application.html.erb (Duration: 37.4ms | Allocations: 4335)
Completed 200 OK in 49ms (Views: 39.5ms | Allocations: 4738)


Started GET "/" for ::1 at 2022-10-22 20:31:47 +0530
Processing by HomeController#index as HTML
  Rendering layout layouts/application.html.erb
  Rendering home/index.html.erb within layouts/application
  Rendered home/index.html.erb within layouts/application (Duration: 0.1ms | Allocations: 7)
  Rendered home/_header.html.erb (Duration: 0.5ms | Allocations: 59)
  Rendered layout layouts/application.html.erb (Duration: 23.0ms | Allocations: 4255)
Completed 200 OK in 29ms (Views: 24.6ms | Allocations: 4590)


Started GET "/home/index" for ::1 at 2022-10-22 20:32:13 +0530
Processing by HomeController#index as HTML
  Rendering layout layouts/application.html.erb
  Rendering home/index.html.erb within layouts/application
  Rendered home/index.html.erb within layouts/application (Duration: 0.2ms | Allocations: 12)
  Rendered home/_header.html.erb (Duration: 0.5ms | Allocations: 92)
  Rendered layout layouts/application.html.erb (Duration: 139.8ms | Allocations: 16212)
Completed 200 OK in 155ms (Views: 147.2ms | Allocations: 17112)


Started GET "/" for ::1 at 2022-10-22 20:32:19 +0530
Processing by HomeController#index as HTML
  Rendering layout layouts/application.html.erb
  Rendering home/index.html.erb within layouts/application
  Rendered home/index.html.erb within layouts/application (Duration: 0.1ms | Allocations: 7)
  Rendered home/_header.html.erb (Duration: 0.6ms | Allocations: 59)
  Rendered layout layouts/application.html.erb (Duration: 29.4ms | Allocations: 4252)
Completed 200 OK in 38ms (Views: 31.2ms | Allocations: 4600)


Started GET "/" for ::1 at 2022-10-22 20:34:21 +0530
Processing by HomeController#index as HTML
  Rendering layout layouts/application.html.erb
  Rendering home/index.html.erb within layouts/application
  Rendered home/index.html.erb within layouts/application (Duration: 0.1ms | Allocations: 7)
  Rendered home/_header.html.erb (Duration: 0.5ms | Allocations: 59)
  Rendered layout layouts/application.html.erb (Duration: 26.1ms | Allocations: 4249)
Completed 200 OK in 33ms (Views: 27.5ms | Allocations: 4584)


Started GET "/" for ::1 at 2022-10-22 20:34:30 +0530
Processing by HomeController#index as HTML
  Rendering layout layouts/application.html.erb
  Rendering home/index.html.erb within layouts/application
  Rendered home/index.html.erb within layouts/application (Duration: 0.2ms | Allocations: 7)
  Rendered home/_header.html.erb (Duration: 0.5ms | Allocations: 59)
  Rendered layout layouts/application.html.erb (Duration: 21.6ms | Allocations: 4261)
Completed 200 OK in 28ms (Views: 23.1ms | Allocations: 4596)


Started GET "/" for ::1 at 2022-10-22 20:36:54 +0530
Processing by HomeController#index as HTML
  Rendering layout layouts/application.html.erb
  Rendering home/index.html.erb within layouts/application
  Rendered home/index.html.erb within layouts/application (Duration: 2.0ms | Allocations: 127)
  Rendered home/_header.html.erb (Duration: 3.8ms | Allocations: 363)
  Rendered layout layouts/application.html.erb (Duration: 33.0ms | Allocations: 5362)
Completed 200 OK in 59ms (Views: 49.5ms | Allocations: 6518)


Started GET "/home/about" for ::1 at 2022-10-22 20:36:55 +0530
Processing by HomeController#about as HTML
  Rendering layout layouts/application.html.erb
  Rendering home/about.html.erb within layouts/application
  Rendered home/about.html.erb within layouts/application (Duration: 1.8ms | Allocations: 98)
  Rendered home/_header.html.erb (Duration: 0.6ms | Allocations: 97)
  Rendered layout layouts/application.html.erb (Duration: 28.2ms | Allocations: 4371)
Completed 200 OK in 38ms (Views: 29.8ms | Allocations: 4775)


Started GET "/home/about" for ::1 at 2022-10-22 20:36:58 +0530
Processing by HomeController#about as HTML
  Rendering layout layouts/application.html.erb
  Rendering home/about.html.erb within layouts/application
  Rendered home/about.html.erb within layouts/application (Duration: 0.1ms | Allocations: 7)
  Rendered home/_header.html.erb (Duration: 0.4ms | Allocations: 97)
  Rendered layout layouts/application.html.erb (Duration: 26.1ms | Allocations: 4289)
Completed 200 OK in 36ms (Views: 29.0ms | Allocations: 4624)


Started GET "/home/about" for ::1 at 2022-10-22 20:37:03 +0530
Processing by HomeController#about as HTML
  Rendering layout layouts/application.html.erb
  Rendering home/about.html.erb within layouts/application
  Rendered home/about.html.erb within layouts/application (Duration: 0.1ms | Allocations: 7)
  Rendered home/_header.html.erb (Duration: 0.5ms | Allocations: 97)
  Rendered layout layouts/application.html.erb (Duration: 24.8ms | Allocations: 4274)
Completed 200 OK in 32ms (Views: 27.0ms | Allocations: 4609)


Started GET "/" for ::1 at 2022-10-22 20:37:18 +0530
Processing by HomeController#index as HTML
  Rendering layout layouts/application.html.erb
  Rendering home/index.html.erb within layouts/application
  Rendered home/index.html.erb within layouts/application (Duration: 0.1ms | Allocations: 7)
  Rendered home/_header.html.erb (Duration: 1.0ms | Allocations: 97)
  Rendered layout layouts/application.html.erb (Duration: 21.2ms | Allocations: 4290)
Completed 200 OK in 28ms (Views: 22.5ms | Allocations: 4625)


Started GET "/home/about" for ::1 at 2022-10-22 20:37:20 +0530
Processing by HomeController#about as HTML
  Rendering layout layouts/application.html.erb
  Rendering home/about.html.erb within layouts/application
  Rendered home/about.html.erb within layouts/application (Duration: 0.1ms | Allocations: 7)
  Rendered home/_header.html.erb (Duration: 0.6ms | Allocations: 97)
  Rendered layout layouts/application.html.erb (Duration: 27.4ms | Allocations: 4280)
Completed 200 OK in 36ms (Views: 29.1ms | Allocations: 4615)


  [1m[35m (277.8ms)[0m  [1m[35mCREATE TABLE "schema_migrations" ("version" varchar NOT NULL PRIMARY KEY)[0m
  [1m[35m (171.6ms)[0m  [1m[35mCREATE TABLE "ar_internal_metadata" ("key" varchar NOT NULL PRIMARY KEY, "value" varchar, "created_at" datetime(6) NOT NULL, "updated_at" datetime(6) NOT NULL)[0m
  [1m[36mActiveRecord::SchemaMigration Pluck (0.5ms)[0m  [1m[34mSELECT "schema_migrations"."version" FROM "schema_migrations" ORDER BY "schema_migrations"."version" ASC[0m
Migrating to CreateFriends (20221022152245)
  [1m[36mTRANSACTION (0.1ms)[0m  [1m[36mbegin transaction[0m
  [1m[35m (31.3ms)[0m  [1m[35mCREATE TABLE "friends" ("id" integer PRIMARY KEY AUTOINCREMENT NOT NULL, "first_name" varchar, "last_name" varchar, "email" varchar, "phone" varchar, "insta" varchar, "created_at" datetime(6) NOT NULL, "updated_at" datetime(6) NOT NULL)[0m
  [1m[36mActiveRecord::SchemaMigration Create (0.4ms)[0m  [1m[32mINSERT INTO "schema_migrations" ("version") VALUES (?)[0m  [["version", "20221022152245"]]
  [1m[36mTRANSACTION (138.5ms)[0m  [1m[36mcommit transaction[0m
  [1m[36mActiveRecord::InternalMetadata Load (0.5ms)[0m  [1m[34mSELECT "ar_internal_metadata".* FROM "ar_internal_metadata" WHERE "ar_internal_metadata"."key" = ? LIMIT ?[0m  [["key", "environment"], ["LIMIT", 1]]
  [1m[36mTRANSACTION (0.1ms)[0m  [1m[36mbegin transaction[0m
  [1m[36mActiveRecord::InternalMetadata Create (2.2ms)[0m  [1m[32mINSERT INTO "ar_internal_metadata" ("key", "value", "created_at", "updated_at") VALUES (?, ?, ?, ?)[0m  [["key", "environment"], ["value", "development"], ["created_at", "2022-10-22 15:26:23.525357"], ["updated_at", "2022-10-22 15:26:23.525357"]]
  [1m[36mTRANSACTION (134.1ms)[0m  [1m[36mcommit transaction[0m
  [1m[36mActiveRecord::SchemaMigration Pluck (0.4ms)[0m  [1m[34mSELECT "schema_migrations"."version" FROM "schema_migrations" ORDER BY "schema_migrations"."version" ASC[0m
Started GET "/home/about" for ::1 at 2022-10-22 20:59:38 +0530
  [1m[36mActiveRecord::SchemaMigration Pluck (0.5ms)[0m  [1m[34mSELECT "schema_migrations"."version" FROM "schema_migrations" ORDER BY "schema_migrations"."version" ASC[0m
Processing by HomeController#about as HTML
  Rendering layout layouts/application.html.erb
  Rendering home/about.html.erb within layouts/application
  Rendered home/about.html.erb within layouts/application (Duration: 13.6ms | Allocations: 445)
  Rendered home/_header.html.erb (Duration: 3.4ms | Allocations: 420)
  Rendered layout layouts/application.html.erb (Duration: 520.2ms | Allocations: 39631)
Completed 200 OK in 660ms (Views: 568.1ms | ActiveRecord: 0.0ms | Allocations: 45642)


Started GET "/home/about" for ::1 at 2022-10-22 21:00:36 +0530
Processing by HomeController#about as HTML
  Rendering layout layouts/application.html.erb
  Rendering home/about.html.erb within layouts/application
  Rendered home/about.html.erb within layouts/application (Duration: 2.0ms | Allocations: 124)
  Rendered home/_header.html.erb (Duration: 2.5ms | Allocations: 357)
  Rendered layout layouts/application.html.erb (Duration: 29.9ms | Allocations: 5347)
Completed 200 OK in 52ms (Views: 43.5ms | ActiveRecord: 0.0ms | Allocations: 6551)


Started GET "/" for ::1 at 2022-10-22 21:00:45 +0530
Processing by HomeController#index as HTML
  Rendering layout layouts/application.html.erb
  Rendering home/index.html.erb within layouts/application
  Rendered home/index.html.erb within layouts/application (Duration: 2.4ms | Allocations: 100)
  Rendered home/_header.html.erb (Duration: 0.4ms | Allocations: 97)
  Rendered layout layouts/application.html.erb (Duration: 26.2ms | Allocations: 4379)
Completed 200 OK in 36ms (Views: 27.8ms | ActiveRecord: 0.0ms | Allocations: 4794)


Started GET "/home/about" for ::1 at 2022-10-22 21:00:48 +0530
Processing by HomeController#about as HTML
  Rendering layout layouts/application.html.erb
  Rendering home/about.html.erb within layouts/application
  Rendered home/about.html.erb within layouts/application (Duration: 0.1ms | Allocations: 7)
  Rendered home/_header.html.erb (Duration: 0.4ms | Allocations: 97)
  Rendered layout layouts/application.html.erb (Duration: 64.6ms | Allocations: 4276)
Completed 200 OK in 71ms (Views: 65.8ms | ActiveRecord: 0.0ms | Allocations: 4618)


Started GET "/home/about" for ::1 at 2022-10-22 21:00:51 +0530
Processing by HomeController#about as HTML
  Rendering layout layouts/application.html.erb
  Rendering home/about.html.erb within layouts/application
  Rendered home/about.html.erb within layouts/application (Duration: 0.1ms | Allocations: 7)
  Rendered home/_header.html.erb (Duration: 0.5ms | Allocations: 97)
  Rendered layout layouts/application.html.erb (Duration: 35.7ms | Allocations: 4301)
Completed 200 OK in 48ms (Views: 38.4ms | ActiveRecord: 0.0ms | Allocations: 4642)


Started GET "/home/about" for ::1 at 2022-10-22 21:00:53 +0530
Processing by HomeController#about as HTML
  Rendering layout layouts/application.html.erb
  Rendering home/about.html.erb within layouts/application
  Rendered home/about.html.erb within layouts/application (Duration: 0.1ms | Allocations: 7)
  Rendered home/_header.html.erb (Duration: 0.8ms | Allocations: 97)
  Rendered layout layouts/application.html.erb (Duration: 24.7ms | Allocations: 4282)
Completed 200 OK in 33ms (Views: 26.3ms | ActiveRecord: 0.0ms | Allocations: 4624)


Started GET "/" for ::1 at 2022-10-22 21:00:54 +0530
Processing by HomeController#index as HTML
  Rendering layout layouts/application.html.erb
  Rendering home/index.html.erb within layouts/application
  Rendered home/index.html.erb within layouts/application (Duration: 0.2ms | Allocations: 7)
  Rendered home/_header.html.erb (Duration: 0.5ms | Allocations: 97)
  Rendered layout layouts/application.html.erb (Duration: 27.8ms | Allocations: 4280)
Completed 200 OK in 35ms (Views: 29.7ms | ActiveRecord: 0.0ms | Allocations: 4618)


Started GET "/friends" for ::1 at 2022-10-22 21:03:02 +0530
Processing by FriendsController#index as HTML
  Rendering layout layouts/application.html.erb
  Rendering friends/index.html.erb within layouts/application
  [1m[36mFriend Load (1.0ms)[0m  [1m[34mSELECT "friends".* FROM "friends"[0m
  ↳ app/views/friends/index.html.erb:6
  Rendered friends/index.html.erb within layouts/application (Duration: 11.7ms | Allocations: 1579)
  Rendered home/_header.html.erb (Duration: 0.5ms | Allocations: 92)
  Rendered layout layouts/application.html.erb (Duration: 56.0ms | Allocations: 5669)
Completed 200 OK in 124ms (Views: 77.0ms | ActiveRecord: 1.0ms | Allocations: 7611)


Started GET "/friends/new" for ::1 at 2022-10-22 21:03:05 +0530
Processing by FriendsController#new as HTML
  Rendering layout layouts/application.html.erb
  Rendering friends/new.html.erb within layouts/application
  Rendered friends/_form.html.erb (Duration: 601.5ms | Allocations: 6348)
  Rendered friends/new.html.erb within layouts/application (Duration: 608.0ms | Allocations: 6688)
  Rendered home/_header.html.erb (Duration: 0.5ms | Allocations: 84)
  Rendered layout layouts/application.html.erb (Duration: 638.3ms | Allocations: 10668)
Completed 200 OK in 819ms (Views: 640.8ms | ActiveRecord: 2.6ms | Allocations: 27904)


Started POST "/friends" for ::1 at 2022-10-22 21:04:36 +0530
Processing by FriendsController#create as TURBO_STREAM
  Parameters: {"authenticity_token"=>"[FILTERED]", "friend"=>{"first_name"=>"amulya ", "last_name"=>"vellanki", "email"=>"amulyavellanki1005@gmail.com", "phone"=>"7995120459", "insta"=>"amulya_vellanki"}, "commit"=>"Create Friend"}
  [1m[36mTRANSACTION (0.2ms)[0m  [1m[36mbegin transaction[0m
  ↳ app/controllers/friends_controller.rb:27:in `block in create'
  [1m[36mFriend Create (51.1ms)[0m  [1m[32mINSERT INTO "friends" ("first_name", "last_name", "email", "phone", "insta", "created_at", "updated_at") VALUES (?, ?, ?, ?, ?, ?, ?)[0m  [["first_name", "amulya "], ["last_name", "vellanki"], ["email", "amulyavellanki1005@gmail.com"], ["phone", "7995120459"], ["insta", "amulya_vellanki"], ["created_at", "2022-10-22 15:34:36.329651"], ["updated_at", "2022-10-22 15:34:36.329651"]]
  ↳ app/controllers/friends_controller.rb:27:in `block in create'
  [1m[36mTRANSACTION (195.2ms)[0m  [1m[36mcommit transaction[0m
  ↳ app/controllers/friends_controller.rb:27:in `block in create'
Redirected to http://localhost:3000/friends/1
Completed 302 Found in 285ms (ActiveRecord: 246.4ms | Allocations: 4114)


Started GET "/friends/1" for ::1 at 2022-10-22 21:04:36 +0530
Processing by FriendsController#show as TURBO_STREAM
  Parameters: {"id"=>"1"}
  [1m[36mFriend Load (0.8ms)[0m  [1m[34mSELECT "friends".* FROM "friends" WHERE "friends"."id" = ? LIMIT ?[0m  [["id", 1], ["LIMIT", 1]]
  ↳ app/controllers/friends_controller.rb:63:in `set_friend'
  Rendering layout layouts/application.html.erb
  Rendering friends/show.html.erb within layouts/application
  Rendered friends/_friend.html.erb (Duration: 4.4ms | Allocations: 329)
  Rendered friends/show.html.erb within layouts/application (Duration: 94.2ms | Allocations: 2054)
  Rendered home/_header.html.erb (Duration: 0.4ms | Allocations: 82)
  Rendered layout layouts/application.html.erb (Duration: 125.6ms | Allocations: 6009)
Completed 200 OK in 148ms (Views: 127.5ms | ActiveRecord: 0.8ms | Allocations: 9180)


Started GET "/friends/1/edit" for ::1 at 2022-10-22 21:04:42 +0530
Processing by FriendsController#edit as HTML
  Parameters: {"id"=>"1"}
  [1m[36mFriend Load (0.4ms)[0m  [1m[34mSELECT "friends".* FROM "friends" WHERE "friends"."id" = ? LIMIT ?[0m  [["id", 1], ["LIMIT", 1]]
  ↳ app/controllers/friends_controller.rb:63:in `set_friend'
  Rendering layout layouts/application.html.erb
  Rendering friends/edit.html.erb within layouts/application
  Rendered friends/_form.html.erb (Duration: 4.9ms | Allocations: 2198)
  Rendered friends/edit.html.erb within layouts/application (Duration: 7.6ms | Allocations: 2486)
  Rendered home/_header.html.erb (Duration: 0.3ms | Allocations: 82)
  Rendered layout layouts/application.html.erb (Duration: 27.0ms | Allocations: 6331)
Completed 200 OK in 38ms (Views: 28.4ms | ActiveRecord: 0.4ms | Allocations: 7294)


Started GET "/friends" for ::1 at 2022-10-22 21:04:44 +0530
Processing by FriendsController#index as HTML
  Rendering layout layouts/application.html.erb
  Rendering friends/index.html.erb within layouts/application
  [1m[36mFriend Load (0.4ms)[0m  [1m[34mSELECT "friends".* FROM "friends"[0m
  ↳ app/views/friends/index.html.erb:6
  Rendered friends/_friend.html.erb (Duration: 0.2ms | Allocations: 26)
  Rendered friends/index.html.erb within layouts/application (Duration: 5.2ms | Allocations: 1170)
  Rendered home/_header.html.erb (Duration: 0.5ms | Allocations: 82)
  Rendered layout layouts/application.html.erb (Duration: 32.0ms | Allocations: 5036)
Completed 200 OK in 40ms (Views: 33.2ms | ActiveRecord: 0.4ms | Allocations: 5393)


Started GET "/friends/1" for ::1 at 2022-10-22 21:04:46 +0530
Processing by FriendsController#show as HTML
  Parameters: {"id"=>"1"}
  [1m[36mFriend Load (0.5ms)[0m  [1m[34mSELECT "friends".* FROM "friends" WHERE "friends"."id" = ? LIMIT ?[0m  [["id", 1], ["LIMIT", 1]]
  ↳ app/controllers/friends_controller.rb:63:in `set_friend'
  Rendering layout layouts/application.html.erb
  Rendering friends/show.html.erb within layouts/application
  Rendered friends/_friend.html.erb (Duration: 0.2ms | Allocations: 26)
  Rendered friends/show.html.erb within layouts/application (Duration: 3.4ms | Allocations: 805)
  Rendered home/_header.html.erb (Duration: 0.5ms | Allocations: 82)
  Rendered layout layouts/application.html.erb (Duration: 34.1ms | Allocations: 4649)
Completed 200 OK in 46ms (Views: 35.9ms | ActiveRecord: 0.5ms | Allocations: 5462)


Started GET "/friends" for ::1 at 2022-10-22 21:04:51 +0530
Processing by FriendsController#index as HTML
  Rendering layout layouts/application.html.erb
  Rendering friends/index.html.erb within layouts/application
  [1m[36mFriend Load (0.3ms)[0m  [1m[34mSELECT "friends".* FROM "friends"[0m
  ↳ app/views/friends/index.html.erb:6
  Rendered friends/_friend.html.erb (Duration: 0.1ms | Allocations: 26)
  Rendered friends/index.html.erb within layouts/application (Duration: 3.7ms | Allocations: 1132)
  Rendered home/_header.html.erb (Duration: 0.2ms | Allocations: 82)
  Rendered layout layouts/application.html.erb (Duration: 15.3ms | Allocations: 4997)
Completed 200 OK in 21ms (Views: 16.2ms | ActiveRecord: 0.3ms | Allocations: 5348)


Started GET "/friends/new" for ::1 at 2022-10-22 21:04:58 +0530
Processing by FriendsController#new as HTML
  Rendering layout layouts/application.html.erb
  Rendering friends/new.html.erb within layouts/application
  Rendered friends/_form.html.erb (Duration: 6.0ms | Allocations: 1952)
  Rendered friends/new.html.erb within layouts/application (Duration: 6.7ms | Allocations: 2040)
  Rendered home/_header.html.erb (Duration: 0.4ms | Allocations: 82)
  Rendered layout layouts/application.html.erb (Duration: 25.2ms | Allocations: 5892)
Completed 200 OK in 33ms (Views: 26.6ms | ActiveRecord: 0.0ms | Allocations: 6252)


Started POST "/friends" for ::1 at 2022-10-22 21:05:41 +0530
Processing by FriendsController#create as TURBO_STREAM
  Parameters: {"authenticity_token"=>"[FILTERED]", "friend"=>{"first_name"=>"kiran", "last_name"=>"vellanki", "email"=>"kiranvellanki510@gmail.com", "phone"=>"7285925590", "insta"=>"_kiran_vellanki_"}, "commit"=>"Create Friend"}
  [1m[36mTRANSACTION (0.1ms)[0m  [1m[36mbegin transaction[0m
  ↳ app/controllers/friends_controller.rb:27:in `block in create'
  [1m[36mFriend Create (1.9ms)[0m  [1m[32mINSERT INTO "friends" ("first_name", "last_name", "email", "phone", "insta", "created_at", "updated_at") VALUES (?, ?, ?, ?, ?, ?, ?)[0m  [["first_name", "kiran"], ["last_name", "vellanki"], ["email", "kiranvellanki510@gmail.com"], ["phone", "7285925590"], ["insta", "_kiran_vellanki_"], ["created_at", "2022-10-22 15:35:41.485063"], ["updated_at", "2022-10-22 15:35:41.485063"]]
  ↳ app/controllers/friends_controller.rb:27:in `block in create'
  [1m[36mTRANSACTION (97.8ms)[0m  [1m[36mcommit transaction[0m
  ↳ app/controllers/friends_controller.rb:27:in `block in create'
Redirected to http://localhost:3000/friends/2
Completed 302 Found in 117ms (ActiveRecord: 99.9ms | Allocations: 2721)


Started GET "/friends/2" for ::1 at 2022-10-22 21:05:41 +0530
Processing by FriendsController#show as TURBO_STREAM
  Parameters: {"id"=>"2"}
  [1m[36mFriend Load (0.4ms)[0m  [1m[34mSELECT "friends".* FROM "friends" WHERE "friends"."id" = ? LIMIT ?[0m  [["id", 2], ["LIMIT", 1]]
  ↳ app/controllers/friends_controller.rb:63:in `set_friend'
  Rendering layout layouts/application.html.erb
  Rendering friends/show.html.erb within layouts/application
  Rendered friends/_friend.html.erb (Duration: 0.2ms | Allocations: 26)
  Rendered friends/show.html.erb within layouts/application (Duration: 2.6ms | Allocations: 841)
  Rendered home/_header.html.erb (Duration: 0.3ms | Allocations: 82)
  Rendered layout layouts/application.html.erb (Duration: 21.3ms | Allocations: 4685)
Completed 200 OK in 31ms (Views: 22.8ms | ActiveRecord: 0.4ms | Allocations: 5498)


Started GET "/friends" for ::1 at 2022-10-22 21:05:44 +0530
Processing by FriendsController#index as HTML
  Rendering layout layouts/application.html.erb
  Rendering friends/index.html.erb within layouts/application
  [1m[36mFriend Load (0.4ms)[0m  [1m[34mSELECT "friends".* FROM "friends"[0m
  ↳ app/views/friends/index.html.erb:6
  Rendered friends/_friend.html.erb (Duration: 0.2ms | Allocations: 26)
  Rendered friends/_friend.html.erb (Duration: 0.1ms | Allocations: 25)
  Rendered friends/index.html.erb within layouts/application (Duration: 4.8ms | Allocations: 1257)
  Rendered home/_header.html.erb (Duration: 0.4ms | Allocations: 82)
  Rendered layout layouts/application.html.erb (Duration: 25.1ms | Allocations: 5122)
Completed 200 OK in 31ms (Views: 25.9ms | ActiveRecord: 0.4ms | Allocations: 5473)


Started GET "/friends/2" for ::1 at 2022-10-22 21:05:52 +0530
Processing by FriendsController#show as HTML
  Parameters: {"id"=>"2"}
  [1m[36mFriend Load (0.5ms)[0m  [1m[34mSELECT "friends".* FROM "friends" WHERE "friends"."id" = ? LIMIT ?[0m  [["id", 2], ["LIMIT", 1]]
  ↳ app/controllers/friends_controller.rb:63:in `set_friend'
  Rendering layout layouts/application.html.erb
  Rendering friends/show.html.erb within layouts/application
  Rendered friends/_friend.html.erb (Duration: 0.2ms | Allocations: 26)
  Rendered friends/show.html.erb within layouts/application (Duration: 2.9ms | Allocations: 823)
  Rendered home/_header.html.erb (Duration: 0.5ms | Allocations: 82)
  Rendered layout layouts/application.html.erb (Duration: 24.2ms | Allocations: 4667)
Completed 200 OK in 35ms (Views: 25.7ms | ActiveRecord: 0.5ms | Allocations: 5479)


Started GET "/friends/2/edit" for ::1 at 2022-10-22 21:05:53 +0530
Processing by FriendsController#edit as HTML
  Parameters: {"id"=>"2"}
  [1m[36mFriend Load (0.5ms)[0m  [1m[34mSELECT "friends".* FROM "friends" WHERE "friends"."id" = ? LIMIT ?[0m  [["id", 2], ["LIMIT", 1]]
  ↳ app/controllers/friends_controller.rb:63:in `set_friend'
  Rendering layout layouts/application.html.erb
  Rendering friends/edit.html.erb within layouts/application
  Rendered friends/_form.html.erb (Duration: 7.6ms | Allocations: 2057)
  Rendered friends/edit.html.erb within layouts/application (Duration: 8.5ms | Allocations: 2181)
  Rendered home/_header.html.erb (Duration: 0.3ms | Allocations: 82)
  Rendered layout layouts/application.html.erb (Duration: 28.8ms | Allocations: 6025)
Completed 200 OK in 39ms (Views: 30.3ms | ActiveRecord: 0.5ms | Allocations: 6838)


Started PATCH "/friends/2" for ::1 at 2022-10-22 21:05:58 +0530
Processing by FriendsController#update as TURBO_STREAM
  Parameters: {"authenticity_token"=>"[FILTERED]", "friend"=>{"first_name"=>"kiran", "last_name"=>"vellanki", "email"=>"kiranvellanki1005@gmail.com", "phone"=>"7285925590", "insta"=>"_kiran_vellanki_"}, "commit"=>"Update Friend", "id"=>"2"}
  [1m[36mFriend Load (0.4ms)[0m  [1m[34mSELECT "friends".* FROM "friends" WHERE "friends"."id" = ? LIMIT ?[0m  [["id", 2], ["LIMIT", 1]]
  ↳ app/controllers/friends_controller.rb:63:in `set_friend'
  [1m[36mTRANSACTION (0.1ms)[0m  [1m[36mbegin transaction[0m
  ↳ app/controllers/friends_controller.rb:40:in `block in update'
  [1m[36mFriend Update (2.2ms)[0m  [1m[33mUPDATE "friends" SET "email" = ?, "updated_at" = ? WHERE "friends"."id" = ?[0m  [["email", "kiranvellanki1005@gmail.com"], ["updated_at", "2022-10-22 15:35:58.691829"], ["id", 2]]
  ↳ app/controllers/friends_controller.rb:40:in `block in update'
  [1m[36mTRANSACTION (169.5ms)[0m  [1m[36mcommit transaction[0m
  ↳ app/controllers/friends_controller.rb:40:in `block in update'
Redirected to http://localhost:3000/friends/2
Completed 302 Found in 190ms (ActiveRecord: 172.1ms | Allocations: 3327)


Started GET "/friends/2" for ::1 at 2022-10-22 21:05:58 +0530
Processing by FriendsController#show as TURBO_STREAM
  Parameters: {"id"=>"2"}
  [1m[36mFriend Load (0.5ms)[0m  [1m[34mSELECT "friends".* FROM "friends" WHERE "friends"."id" = ? LIMIT ?[0m  [["id", 2], ["LIMIT", 1]]
  ↳ app/controllers/friends_controller.rb:63:in `set_friend'
  Rendering layout layouts/application.html.erb
  Rendering friends/show.html.erb within layouts/application
  Rendered friends/_friend.html.erb (Duration: 0.2ms | Allocations: 26)
  Rendered friends/show.html.erb within layouts/application (Duration: 3.2ms | Allocations: 849)
  Rendered home/_header.html.erb (Duration: 0.6ms | Allocations: 82)
  Rendered layout layouts/application.html.erb (Duration: 24.9ms | Allocations: 4693)
Completed 200 OK in 35ms (Views: 26.7ms | ActiveRecord: 0.5ms | Allocations: 5506)


Started GET "/friends" for ::1 at 2022-10-22 21:06:02 +0530
Processing by FriendsController#index as HTML
  Rendering layout layouts/application.html.erb
  Rendering friends/index.html.erb within layouts/application
  [1m[36mFriend Load (0.5ms)[0m  [1m[34mSELECT "friends".* FROM "friends"[0m
  ↳ app/views/friends/index.html.erb:6
  Rendered friends/_friend.html.erb (Duration: 0.2ms | Allocations: 26)
  Rendered friends/_friend.html.erb (Duration: 0.2ms | Allocations: 25)
  Rendered friends/index.html.erb within layouts/application (Duration: 5.8ms | Allocations: 1269)
  Rendered home/_header.html.erb (Duration: 0.4ms | Allocations: 82)
  Rendered layout layouts/application.html.erb (Duration: 27.6ms | Allocations: 5134)
Completed 200 OK in 35ms (Views: 28.5ms | ActiveRecord: 0.5ms | Allocations: 5485)


Started GET "/friends" for ::1 at 2022-10-22 21:10:14 +0530
  [1m[36mActiveRecord::SchemaMigration Pluck (0.5ms)[0m  [1m[34mSELECT "schema_migrations"."version" FROM "schema_migrations" ORDER BY "schema_migrations"."version" ASC[0m
Processing by FriendsController#index as HTML
  Rendering layout layouts/application.html.erb
  Rendering friends/index.html.erb within layouts/application
  [1m[36mFriend Load (0.6ms)[0m  [1m[34mSELECT "friends".* FROM "friends"[0m
  ↳ app/views/friends/index.html.erb:6
  Rendered friends/_friend.html.erb (Duration: 2.5ms | Allocations: 360)
  Rendered friends/_friend.html.erb (Duration: 0.1ms | Allocations: 25)
  Rendered friends/index.html.erb within layouts/application (Duration: 218.1ms | Allocations: 19941)
  Rendered home/_header.html.erb (Duration: 2.9ms | Allocations: 387)
  Rendered layout layouts/application.html.erb (Duration: 509.2ms | Allocations: 58648)
Completed 200 OK in 592ms (Views: 530.8ms | ActiveRecord: 3.8ms | Allocations: 65478)


Started GET "/friends" for ::1 at 2022-10-22 21:10:19 +0530
Processing by FriendsController#index as HTML
  Rendering layout layouts/application.html.erb
  Rendering friends/index.html.erb within layouts/application
  [1m[36mFriend Load (0.5ms)[0m  [1m[34mSELECT "friends".* FROM "friends"[0m
  ↳ app/views/friends/index.html.erb:6
  Rendered friends/_friend.html.erb (Duration: 0.2ms | Allocations: 32)
  Rendered friends/_friend.html.erb (Duration: 0.2ms | Allocations: 25)
  Rendered friends/index.html.erb within layouts/application (Duration: 50.4ms | Allocations: 1449)
  Rendered home/_header.html.erb (Duration: 0.5ms | Allocations: 120)
  Rendered layout layouts/application.html.erb (Duration: 73.5ms | Allocations: 5473)
Completed 200 OK in 97ms (Views: 90.1ms | ActiveRecord: 0.5ms | Allocations: 5897)


Started GET "/friends" for ::1 at 2022-10-22 21:10:20 +0530
Processing by FriendsController#index as HTML
  Rendering layout layouts/application.html.erb
  Rendering friends/index.html.erb within layouts/application
  [1m[36mFriend Load (0.3ms)[0m  [1m[34mSELECT "friends".* FROM "friends"[0m
  ↳ app/views/friends/index.html.erb:6
  Rendered friends/_friend.html.erb (Duration: 0.2ms | Allocations: 26)
  Rendered friends/_friend.html.erb (Duration: 0.2ms | Allocations: 25)
  Rendered friends/index.html.erb within layouts/application (Duration: 6.2ms | Allocations: 1275)
  Rendered home/_header.html.erb (Duration: 0.5ms | Allocations: 120)
  Rendered layout layouts/application.html.erb (Duration: 30.7ms | Allocations: 5180)
Completed 200 OK in 38ms (Views: 31.8ms | ActiveRecord: 0.3ms | Allocations: 5539)


Started GET "/home/about" for ::1 at 2022-10-22 21:10:21 +0530
Processing by HomeController#about as HTML
  Rendering layout layouts/application.html.erb
  Rendering home/about.html.erb within layouts/application
  Rendered home/about.html.erb within layouts/application (Duration: 1.8ms | Allocations: 127)
  Rendered home/_header.html.erb (Duration: 1.2ms | Allocations: 173)
  Rendered layout layouts/application.html.erb (Duration: 22.7ms | Allocations: 4765)
Completed 200 OK in 43ms (Views: 35.5ms | ActiveRecord: 0.0ms | Allocations: 5857)


Started GET "/friends" for ::1 at 2022-10-22 21:10:22 +0530
Processing by FriendsController#index as HTML
  Rendering layout layouts/application.html.erb
  Rendering friends/index.html.erb within layouts/application
  [1m[36mFriend Load (0.5ms)[0m  [1m[34mSELECT "friends".* FROM "friends"[0m
  ↳ app/views/friends/index.html.erb:6
  Rendered friends/_friend.html.erb (Duration: 0.2ms | Allocations: 31)
  Rendered friends/_friend.html.erb (Duration: 0.2ms | Allocations: 25)
  Rendered friends/index.html.erb within layouts/application (Duration: 7.2ms | Allocations: 1345)
  Rendered home/_header.html.erb (Duration: 0.4ms | Allocations: 120)
  Rendered layout layouts/application.html.erb (Duration: 29.9ms | Allocations: 5248)
Completed 200 OK in 37ms (Views: 31.1ms | ActiveRecord: 0.5ms | Allocations: 5620)


Started GET "/home/about" for ::1 at 2022-10-22 21:10:23 +0530
Processing by HomeController#about as HTML
  Rendering layout layouts/application.html.erb
  Rendering home/about.html.erb within layouts/application
  Rendered home/about.html.erb within layouts/application (Duration: 0.1ms | Allocations: 7)
  Rendered home/_header.html.erb (Duration: 0.6ms | Allocations: 135)
  Rendered layout layouts/application.html.erb (Duration: 24.4ms | Allocations: 4330)
Completed 200 OK in 32ms (Views: 26.3ms | ActiveRecord: 0.0ms | Allocations: 4674)


Started GET "/friends" for ::1 at 2022-10-22 21:10:24 +0530
Processing by FriendsController#index as HTML
  Rendering layout layouts/application.html.erb
  Rendering friends/index.html.erb within layouts/application
  [1m[36mFriend Load (0.5ms)[0m  [1m[34mSELECT "friends".* FROM "friends"[0m
  ↳ app/views/friends/index.html.erb:6
  Rendered friends/_friend.html.erb (Duration: 0.2ms | Allocations: 26)
  Rendered friends/_friend.html.erb (Duration: 0.2ms | Allocations: 25)
  Rendered friends/index.html.erb within layouts/application (Duration: 6.4ms | Allocations: 1278)
  Rendered home/_header.html.erb (Duration: 0.5ms | Allocations: 120)
  Rendered layout layouts/application.html.erb (Duration: 30.0ms | Allocations: 5183)
Completed 200 OK in 37ms (Views: 30.9ms | ActiveRecord: 0.5ms | Allocations: 5534)


Started GET "/friends" for ::1 at 2022-10-22 21:13:11 +0530
Processing by FriendsController#index as HTML
  Rendering layout layouts/application.html.erb
  Rendering friends/index.html.erb within layouts/application
  [1m[36mFriend Load (0.7ms)[0m  [1m[34mSELECT "friends".* FROM "friends"[0m
  ↳ app/views/friends/index.html.erb:6
  Rendered friends/_friend.html.erb (Duration: 3.0ms | Allocations: 273)
  Rendered friends/_friend.html.erb (Duration: 0.1ms | Allocations: 25)
  Rendered friends/index.html.erb within layouts/application (Duration: 15.6ms | Allocations: 2076)
  Rendered home/_header.html.erb (Duration: 4.1ms | Allocations: 508)
  Rendered layout layouts/application.html.erb (Duration: 52.0ms | Allocations: 6963)
Completed 200 OK in 79ms (Views: 67.9ms | ActiveRecord: 0.7ms | Allocations: 8155)


Started GET "/friends/new" for ::1 at 2022-10-22 21:13:14 +0530
Processing by FriendsController#new as HTML
  Rendering layout layouts/application.html.erb
  Rendering friends/new.html.erb within layouts/application
  Rendered friends/_form.html.erb (Duration: 311.9ms | Allocations: 11506)
  Rendered friends/new.html.erb within layouts/application (Duration: 317.1ms | Allocations: 11815)
  Rendered home/_header.html.erb (Duration: 0.4ms | Allocations: 160)
  Rendered layout layouts/application.html.erb (Duration: 344.1ms | Allocations: 15867)
Completed 200 OK in 354ms (Views: 345.6ms | ActiveRecord: 0.0ms | Allocations: 16363)


Started GET "/friends" for ::1 at 2022-10-22 21:14:04 +0530
Processing by FriendsController#index as HTML
  Rendering layout layouts/application.html.erb
  Rendering friends/index.html.erb within layouts/application
  [1m[36mFriend Load (0.4ms)[0m  [1m[34mSELECT "friends".* FROM "friends"[0m
  ↳ app/views/friends/index.html.erb:6
  Rendered friends/_friend.html.erb (Duration: 2.8ms | Allocations: 273)
  Rendered friends/_friend.html.erb (Duration: 0.1ms | Allocations: 25)
  Rendered friends/index.html.erb within layouts/application (Duration: 14.2ms | Allocations: 2076)
  Rendered home/_header.html.erb (Duration: 2.7ms | Allocations: 575)
  Rendered layout layouts/application.html.erb (Duration: 40.7ms | Allocations: 7030)
Completed 200 OK in 65ms (Views: 54.4ms | ActiveRecord: 0.4ms | Allocations: 8250)


Started GET "/friends/new" for ::1 at 2022-10-22 21:14:07 +0530
Processing by FriendsController#new as HTML
  Rendering layout layouts/application.html.erb
  Rendering friends/new.html.erb within layouts/application
  Rendered friends/_form.html.erb (Duration: 9.2ms | Allocations: 2547)
  Rendered friends/new.html.erb within layouts/application (Duration: 14.3ms | Allocations: 2838)
  Rendered home/_header.html.erb (Duration: 1.1ms | Allocations: 196)
  Rendered layout layouts/application.html.erb (Duration: 37.0ms | Allocations: 6804)
Completed 200 OK in 46ms (Views: 38.6ms | ActiveRecord: 0.0ms | Allocations: 7243)


Started GET "/friends/new" for ::1 at 2022-10-22 21:14:09 +0530
Processing by FriendsController#new as HTML
  Rendering layout layouts/application.html.erb
  Rendering friends/new.html.erb within layouts/application
  Rendered friends/_form.html.erb (Duration: 4.9ms | Allocations: 1940)
  Rendered friends/new.html.erb within layouts/application (Duration: 5.6ms | Allocations: 2028)
  Rendered home/_header.html.erb (Duration: 0.5ms | Allocations: 196)
  Rendered layout layouts/application.html.erb (Duration: 24.4ms | Allocations: 5994)
Completed 200 OK in 31ms (Views: 25.6ms | ActiveRecord: 0.0ms | Allocations: 6350)


Started GET "/friends" for ::1 at 2022-10-22 21:14:10 +0530
Processing by FriendsController#index as HTML
  Rendering layout layouts/application.html.erb
  Rendering friends/index.html.erb within layouts/application
  [1m[36mFriend Load (0.9ms)[0m  [1m[34mSELECT "friends".* FROM "friends"[0m
  ↳ app/views/friends/index.html.erb:6
  Rendered friends/_friend.html.erb (Duration: 0.3ms | Allocations: 26)
  Rendered friends/_friend.html.erb (Duration: 0.2ms | Allocations: 25)
  Rendered friends/index.html.erb within layouts/application (Duration: 9.3ms | Allocations: 1266)
  Rendered home/_header.html.erb (Duration: 0.7ms | Allocations: 196)
  Rendered layout layouts/application.html.erb (Duration: 43.3ms | Allocations: 5245)
Completed 200 OK in 54ms (Views: 44.7ms | ActiveRecord: 0.9ms | Allocations: 5598)


Started GET "/friends/new" for ::1 at 2022-10-22 21:14:11 +0530
Processing by FriendsController#new as HTML
  Rendering layout layouts/application.html.erb
  Rendering friends/new.html.erb within layouts/application
  Rendered friends/_form.html.erb (Duration: 11.3ms | Allocations: 1940)
  Rendered friends/new.html.erb within layouts/application (Duration: 12.7ms | Allocations: 2028)
  Rendered home/_header.html.erb (Duration: 1.9ms | Allocations: 196)
  Rendered layout layouts/application.html.erb (Duration: 67.1ms | Allocations: 5994)
Completed 200 OK in 82ms (Views: 70.4ms | ActiveRecord: 0.0ms | Allocations: 6350)


Started GET "/friends/new" for ::1 at 2022-10-22 21:14:12 +0530
Processing by FriendsController#new as HTML
  Rendering layout layouts/application.html.erb
  Rendering friends/new.html.erb within layouts/application
  Rendered friends/_form.html.erb (Duration: 8.0ms | Allocations: 1952)
  Rendered friends/new.html.erb within layouts/application (Duration: 9.1ms | Allocations: 2040)
  Rendered home/_header.html.erb (Duration: 1.0ms | Allocations: 196)
  Rendered layout layouts/application.html.erb (Duration: 42.5ms | Allocations: 6006)
Completed 200 OK in 52ms (Views: 44.3ms | ActiveRecord: 0.0ms | Allocations: 6362)


Started GET "/friends" for ::1 at 2022-10-22 21:14:13 +0530
Processing by FriendsController#index as HTML
  Rendering layout layouts/application.html.erb
  Rendering friends/index.html.erb within layouts/application
  [1m[36mFriend Load (0.5ms)[0m  [1m[34mSELECT "friends".* FROM "friends"[0m
  ↳ app/views/friends/index.html.erb:6
  Rendered friends/_friend.html.erb (Duration: 0.2ms | Allocations: 26)
  Rendered friends/_friend.html.erb (Duration: 0.1ms | Allocations: 25)
  Rendered friends/index.html.erb within layouts/application (Duration: 6.7ms | Allocations: 1288)
  Rendered home/_header.html.erb (Duration: 1.3ms | Allocations: 196)
  Rendered layout layouts/application.html.erb (Duration: 31.8ms | Allocations: 5267)
Completed 200 OK in 39ms (Views: 32.8ms | ActiveRecord: 0.5ms | Allocations: 5618)


Started GET "/friends" for ::1 at 2022-10-22 21:20:20 +0530
  [1m[36mActiveRecord::SchemaMigration Pluck (0.5ms)[0m  [1m[34mSELECT "schema_migrations"."version" FROM "schema_migrations" ORDER BY "schema_migrations"."version" ASC[0m
  [1m[36mCACHE ActiveRecord::SchemaMigration Pluck (0.0ms)[0m  [1m[34mSELECT "schema_migrations"."version" FROM "schema_migrations" ORDER BY "schema_migrations"."version" ASC[0m
  
ActiveRecord::PendingMigrationError (

Migrations are pending. To resolve this issue, run:

        bin/rails db:migrate RAILS_ENV=development

You have 1 pending migration:

20221022154947_create_friends2s.rb


):
  
activerecord (7.0.4) lib/active_record/migration.rb:627:in `check_pending!'
activerecord (7.0.4) lib/active_record/migration.rb:592:in `block (2 levels) in call'
activesupport (7.0.4) lib/active_support/file_update_checker.rb:83:in `execute'
activerecord (7.0.4) lib/active_record/migration.rb:597:in `block in call'
activerecord (7.0.4) lib/active_record/migration.rb:589:in `synchronize'
activerecord (7.0.4) lib/active_record/migration.rb:589:in `call'
actionpack (7.0.4) lib/action_dispatch/middleware/callbacks.rb:27:in `block in call'
activesupport (7.0.4) lib/active_support/callbacks.rb:99:in `run_callbacks'
actionpack (7.0.4) lib/action_dispatch/middleware/callbacks.rb:26:in `call'
actionpack (7.0.4) lib/action_dispatch/middleware/executor.rb:14:in `call'
actionpack (7.0.4) lib/action_dispatch/middleware/actionable_exceptions.rb:17:in `call'
actionpack (7.0.4) lib/action_dispatch/middleware/debug_exceptions.rb:28:in `call'
web-console (4.2.0) lib/web_console/middleware.rb:132:in `call_app'
web-console (4.2.0) lib/web_console/middleware.rb:28:in `block in call'
web-console (4.2.0) lib/web_console/middleware.rb:17:in `catch'
web-console (4.2.0) lib/web_console/middleware.rb:17:in `call'
actionpack (7.0.4) lib/action_dispatch/middleware/show_exceptions.rb:26:in `call'
railties (7.0.4) lib/rails/rack/logger.rb:40:in `call_app'
railties (7.0.4) lib/rails/rack/logger.rb:25:in `block in call'
activesupport (7.0.4) lib/active_support/tagged_logging.rb:99:in `block in tagged'
activesupport (7.0.4) lib/active_support/tagged_logging.rb:37:in `tagged'
activesupport (7.0.4) lib/active_support/tagged_logging.rb:99:in `tagged'
railties (7.0.4) lib/rails/rack/logger.rb:25:in `call'
sprockets-rails (3.4.2) lib/sprockets/rails/quiet_assets.rb:13:in `call'
actionpack (7.0.4) lib/action_dispatch/middleware/remote_ip.rb:93:in `call'
actionpack (7.0.4) lib/action_dispatch/middleware/request_id.rb:26:in `call'
rack (2.2.4) lib/rack/method_override.rb:24:in `call'
rack (2.2.4) lib/rack/runtime.rb:22:in `call'
activesupport (7.0.4) lib/active_support/cache/strategy/local_cache_middleware.rb:29:in `call'
actionpack (7.0.4) lib/action_dispatch/middleware/server_timing.rb:61:in `block in call'
actionpack (7.0.4) lib/action_dispatch/middleware/server_timing.rb:26:in `collect_events'
actionpack (7.0.4) lib/action_dispatch/middleware/server_timing.rb:60:in `call'
actionpack (7.0.4) lib/action_dispatch/middleware/executor.rb:14:in `call'
actionpack (7.0.4) lib/action_dispatch/middleware/static.rb:23:in `call'
rack (2.2.4) lib/rack/sendfile.rb:110:in `call'
actionpack (7.0.4) lib/action_dispatch/middleware/host_authorization.rb:137:in `call'
railties (7.0.4) lib/rails/engine.rb:530:in `call'
puma (5.6.5) lib/puma/configuration.rb:252:in `call'
puma (5.6.5) lib/puma/request.rb:77:in `block in handle_request'
puma (5.6.5) lib/puma/thread_pool.rb:340:in `with_force_shutdown'
puma (5.6.5) lib/puma/request.rb:76:in `handle_request'
puma (5.6.5) lib/puma/server.rb:443:in `process_client'
puma (5.6.5) lib/puma/thread_pool.rb:147:in `block in spawn_thread'
  [1m[36mActiveRecord::SchemaMigration Pluck (0.5ms)[0m  [1m[34mSELECT "schema_migrations"."version" FROM "schema_migrations" ORDER BY "schema_migrations"."version" ASC[0m
Migrating to CreateFriends2s (20221022154947)
  [1m[36mTRANSACTION (0.1ms)[0m  [1m[36mbegin transaction[0m
  [1m[35m (2.2ms)[0m  [1m[35mCREATE TABLE "friends2s" ("id" integer PRIMARY KEY AUTOINCREMENT NOT NULL, "first_name" varchar, "last_name" varchar, "email" varchar, "phone" varchar, "insta" varchar, "reg_num" varchar, "created_at" datetime(6) NOT NULL, "updated_at" datetime(6) NOT NULL)[0m
  [1m[36mActiveRecord::SchemaMigration Create (0.4ms)[0m  [1m[32mINSERT INTO "schema_migrations" ("version") VALUES (?)[0m  [["version", "20221022154947"]]
  [1m[36mTRANSACTION (154.7ms)[0m  [1m[36mcommit transaction[0m
  [1m[36mActiveRecord::InternalMetadata Load (0.5ms)[0m  [1m[34mSELECT "ar_internal_metadata".* FROM "ar_internal_metadata" WHERE "ar_internal_metadata"."key" = ? LIMIT ?[0m  [["key", "environment"], ["LIMIT", 1]]
  [1m[36mActiveRecord::SchemaMigration Pluck (0.4ms)[0m  [1m[34mSELECT "schema_migrations"."version" FROM "schema_migrations" ORDER BY "schema_migrations"."version" ASC[0m
Started GET "/friends" for 127.0.0.1 at 2022-10-22 21:21:22 +0530
  [1m[36mActiveRecord::SchemaMigration Pluck (0.5ms)[0m  [1m[34mSELECT "schema_migrations"."version" FROM "schema_migrations" ORDER BY "schema_migrations"."version" ASC[0m
Processing by FriendsController#index as HTML
  Rendering layout layouts/application.html.erb
  Rendering friends/index.html.erb within layouts/application
  [1m[36mFriend Load (0.6ms)[0m  [1m[34mSELECT "friends".* FROM "friends"[0m
  ↳ app/views/friends/index.html.erb:5
  Rendered friends/_friend.html.erb (Duration: 2.4ms | Allocations: 360)
  Rendered friends/_friend.html.erb (Duration: 0.2ms | Allocations: 25)
  Rendered friends/index.html.erb within layouts/application (Duration: 137.4ms | Allocations: 19930)
  Rendered home/_header.html.erb (Duration: 3.8ms | Allocations: 592)
  Rendered layout layouts/application.html.erb (Duration: 333.7ms | Allocations: 58855)
Completed 200 OK in 395ms (Views: 353.8ms | ActiveRecord: 2.5ms | Allocations: 65696)


Started GET "/friends/new" for 127.0.0.1 at 2022-10-22 21:21:28 +0530
Processing by FriendsController#new as HTML
  Rendering layout layouts/application.html.erb
  Rendering friends/new.html.erb within layouts/application
  Rendered friends/_form.html.erb (Duration: 37.6ms | Allocations: 4729)
  Rendered friends/new.html.erb within layouts/application (Duration: 42.4ms | Allocations: 5071)
  Rendered home/_header.html.erb (Duration: 0.8ms | Allocations: 198)
  Rendered layout layouts/application.html.erb (Duration: 62.1ms | Allocations: 9173)
Completed 200 OK in 71ms (Views: 63.5ms | ActiveRecord: 0.0ms | Allocations: 9730)


Started GET "/friends/new" for ::1 at 2022-10-22 21:22:23 +0530
  
ActionController::RoutingError (No route matches [GET] "/friends/new"):
  
Started GET "/friends/new" for ::1 at 2022-10-22 21:23:34 +0530
  
ActionController::RoutingError (No route matches [GET] "/friends/new"):
  
Started GET "/friends/new" for ::1 at 2022-10-22 21:23:52 +0530
  
ActionController::RoutingError (No route matches [GET] "/friends/new"):
  
Started GET "/" for ::1 at 2022-10-22 21:24:08 +0530
Processing by HomeController#index as HTML
  Rendering layout layouts/application.html.erb
  Rendering home/index.html.erb within layouts/application
  Rendered home/index.html.erb within layouts/application (Duration: 2.0ms | Allocations: 126)
  Rendered home/_header.html.erb (Duration: 5.0ms | Allocations: 1830)
  Rendered layout layouts/application.html.erb (Duration: 88.9ms | Allocations: 17007)
Completed 500 Internal Server Error in 114ms (Allocations: 18221)


  
ActionView::Template::Error (No route matches {:action=>"show", :controller=>"friends2s"}, missing required keys: [:id]
Did you mean?  friends2_url):
    18:         </li>
    19:         <%# friends %>
    20:           <li class="nav-item">
    21:             <%= link_to 'Friends', friends2_path, class:"nav-link"%>
    22: 
    23:         </li>
    24: <%# add friend %>
  
app/views/home/_header.html.erb:21
app/views/layouts/application.html.erb:17
Started GET "/" for ::1 at 2022-10-22 21:25:38 +0530
Processing by HomeController#index as HTML
  Rendering layout layouts/application.html.erb
  Rendering home/index.html.erb within layouts/application
  Rendered home/index.html.erb within layouts/application (Duration: 1.9ms | Allocations: 127)
  Rendered home/_header.html.erb (Duration: 3.1ms | Allocations: 557)
  Rendered layout layouts/application.html.erb (Duration: 86.9ms | Allocations: 17207)
Completed 200 OK in 112ms (Views: 102.9ms | Allocations: 18431)


Started GET "/home/about" for ::1 at 2022-10-22 21:25:42 +0530
Processing by HomeController#about as HTML
  Rendering layout layouts/application.html.erb
  Rendering home/about.html.erb within layouts/application
  Rendered home/about.html.erb within layouts/application (Duration: 1.5ms | Allocations: 97)
  Rendered home/_header.html.erb (Duration: 0.9ms | Allocations: 173)
  Rendered layout layouts/application.html.erb (Duration: 24.0ms | Allocations: 4462)
Completed 200 OK in 32ms (Views: 25.3ms | Allocations: 4865)


Started GET "/friends" for ::1 at 2022-10-22 21:25:43 +0530
Processing by FriendsController#index as HTML
  Rendering layout layouts/application.html.erb
  Rendering friends/index.html.erb within layouts/application
  [1m[36mFriend Load (0.4ms)[0m  [1m[34mSELECT "friends".* FROM "friends"[0m
  ↳ app/views/friends/index.html.erb:5
  Rendered friends/_friend.html.erb (Duration: 2.0ms | Allocations: 289)
  Rendered friends/_friend.html.erb (Duration: 0.1ms | Allocations: 25)
  Rendered friends/index.html.erb within layouts/application (Duration: 23.4ms | Allocations: 4796)
  Rendered home/_header.html.erb (Duration: 0.6ms | Allocations: 169)
  Rendered layout layouts/application.html.erb (Duration: 49.1ms | Allocations: 8950)
Completed 200 OK in 71ms (Views: 59.6ms | ActiveRecord: 3.1ms | Allocations: 10786)


Started GET "/friends/new" for ::1 at 2022-10-22 21:25:47 +0530
Processing by FriendsController#new as HTML
  Rendering layout layouts/application.html.erb
  Rendering friends/new.html.erb within layouts/application
  Rendered friends/_form.html.erb (Duration: 11.4ms | Allocations: 2529)
  Rendered friends/new.html.erb within layouts/application (Duration: 16.6ms | Allocations: 2818)
  Rendered home/_header.html.erb (Duration: 0.6ms | Allocations: 158)
  Rendered layout layouts/application.html.erb (Duration: 40.6ms | Allocations: 6747)
Completed 200 OK in 51ms (Views: 42.0ms | ActiveRecord: 0.0ms | Allocations: 7197)


Started GET "/friends" for ::1 at 2022-10-22 21:25:50 +0530
Processing by FriendsController#index as HTML
  Rendering layout layouts/application.html.erb
  Rendering friends/index.html.erb within layouts/application
  [1m[36mFriend Load (0.3ms)[0m  [1m[34mSELECT "friends".* FROM "friends"[0m
  ↳ app/views/friends/index.html.erb:5
  Rendered friends/_friend.html.erb (Duration: 0.1ms | Allocations: 26)
  Rendered friends/_friend.html.erb (Duration: 0.1ms | Allocations: 25)
  Rendered friends/index.html.erb within layouts/application (Duration: 4.3ms | Allocations: 1269)
  Rendered home/_header.html.erb (Duration: 0.4ms | Allocations: 158)
  Rendered layout layouts/application.html.erb (Duration: 17.5ms | Allocations: 5210)
Completed 200 OK in 24ms (Views: 18.2ms | ActiveRecord: 0.3ms | Allocations: 5563)


Started GET "/friends" for ::1 at 2022-10-22 21:27:23 +0530
Processing by FriendsController#index as HTML
  Rendering layout layouts/application.html.erb
  Rendering friends/index.html.erb within layouts/application
  [1m[36mFriend Load (0.5ms)[0m  [1m[34mSELECT "friends".* FROM "friends"[0m
  ↳ app/views/friends/index.html.erb:5
  Rendered friends/_friend.html.erb (Duration: 3.1ms | Allocations: 273)
  Rendered friends/_friend.html.erb (Duration: 0.3ms | Allocations: 25)
  Rendered friends/index.html.erb within layouts/application (Duration: 17.0ms | Allocations: 2078)
  Rendered home/_header.html.erb (Duration: 7.5ms | Allocations: 1888)
  Rendered layout layouts/application.html.erb (Duration: 58.1ms | Allocations: 6900)
Completed 500 Internal Server Error in 85ms (ActiveRecord: 0.5ms | Allocations: 8042)


  
ActionView::Template::Error (No route matches {:action=>"edit", :controller=>"friends"}, missing required keys: [:id]
Did you mean?  edit_friend_url):
    27: 
    28:         </li>
    29:         <li class="nav-item">
    30:             <%= link_to 'Edit friend', edit_friend_path, class:"nav-link"%>
    31: 
    32:         </li>
    33:         <li class="nav-item">
  
app/views/home/_header.html.erb:30
app/views/layouts/application.html.erb:17
Started GET "/friends" for ::1 at 2022-10-22 21:27:50 +0530
Processing by FriendsController#index as HTML
  Rendering layout layouts/application.html.erb
  Rendering friends/index.html.erb within layouts/application
  [1m[36mFriend Load (0.6ms)[0m  [1m[34mSELECT "friends".* FROM "friends"[0m
  ↳ app/views/friends/index.html.erb:5
  Rendered friends/_friend.html.erb (Duration: 2.1ms | Allocations: 273)
  Rendered friends/_friend.html.erb (Duration: 0.2ms | Allocations: 25)
  Rendered friends/index.html.erb within layouts/application (Duration: 15.4ms | Allocations: 2079)
  Rendered home/_header.html.erb (Duration: 52.3ms | Allocations: 5007)
  Rendered layout layouts/application.html.erb (Duration: 92.0ms | Allocations: 10035)
Completed 500 Internal Server Error in 115ms (ActiveRecord: 0.6ms | Allocations: 11189)


  
ActionView::Template::Error (undefined local variable or method `edit_friends_path' for #<ActionView::Base:0x00000000015ae0>
Did you mean?  edit_friends2_path
               edit_friend_path
               edit_friends2_url
               edit_friend_url
               new_friends2_path):
    27: 
    28:         </li>
    29:         <li class="nav-item">
    30:             <%= link_to 'Edit friend', edit_friends_path, class:"nav-link"%>
    31: 
    32:         </li>
    33:         <li class="nav-item">
  
app/views/home/_header.html.erb:30
app/views/layouts/application.html.erb:17
Started GET "/friends" for ::1 at 2022-10-22 21:29:07 +0530
Processing by FriendsController#index as HTML
  Rendering layout layouts/application.html.erb
  Rendering friends/index.html.erb within layouts/application
  [1m[36mFriend Load (0.8ms)[0m  [1m[34mSELECT "friends".* FROM "friends"[0m
  ↳ app/views/friends/index.html.erb:5
  Rendered friends/_friend.html.erb (Duration: 4.6ms | Allocations: 273)
  Rendered friends/_friend.html.erb (Duration: 0.4ms | Allocations: 25)
  Rendered friends/index.html.erb within layouts/application (Duration: 27.8ms | Allocations: 2072)
  Rendered home/_header.html.erb (Duration: 5.7ms | Allocations: 509)
  Rendered layout layouts/application.html.erb (Duration: 86.4ms | Allocations: 6975)
Completed 200 OK in 123ms (Views: 109.0ms | ActiveRecord: 0.8ms | Allocations: 8163)


Started GET "/friends/1" for ::1 at 2022-10-22 21:29:10 +0530
Processing by FriendsController#show as HTML
  Parameters: {"id"=>"1"}
  [1m[36mFriend Load (0.6ms)[0m  [1m[34mSELECT "friends".* FROM "friends" WHERE "friends"."id" = ? LIMIT ?[0m  [["id", 1], ["LIMIT", 1]]
  ↳ app/controllers/friends_controller.rb:63:in `set_friend'
  Rendering layout layouts/application.html.erb
  Rendering friends/show.html.erb within layouts/application
  Rendered friends/_friend.html.erb (Duration: 0.2ms | Allocations: 32)
  Rendered friends/show.html.erb within layouts/application (Duration: 4.6ms | Allocations: 1199)
  Rendered home/_header.html.erb (Duration: 0.4ms | Allocations: 158)
  Rendered layout layouts/application.html.erb (Duration: 24.8ms | Allocations: 5242)
Completed 200 OK in 264ms (Views: 26.3ms | ActiveRecord: 0.6ms | Allocations: 13555)


Started DELETE "/friends/1" for ::1 at 2022-10-22 21:29:20 +0530
Processing by FriendsController#destroy as TURBO_STREAM
  Parameters: {"authenticity_token"=>"[FILTERED]", "id"=>"1"}
  [1m[36mFriend Load (0.4ms)[0m  [1m[34mSELECT "friends".* FROM "friends" WHERE "friends"."id" = ? LIMIT ?[0m  [["id", 1], ["LIMIT", 1]]
  ↳ app/controllers/friends_controller.rb:63:in `set_friend'
  [1m[36mTRANSACTION (0.1ms)[0m  [1m[36mbegin transaction[0m
  ↳ app/controllers/friends_controller.rb:52:in `destroy'
  [1m[36mFriend Destroy (12.6ms)[0m  [1m[31mDELETE FROM "friends" WHERE "friends"."id" = ?[0m  [["id", 1]]
  ↳ app/controllers/friends_controller.rb:52:in `destroy'
  [1m[36mTRANSACTION (187.6ms)[0m  [1m[36mcommit transaction[0m
  ↳ app/controllers/friends_controller.rb:52:in `destroy'
Redirected to http://localhost:3000/friends
Completed 302 Found in 219ms (ActiveRecord: 200.7ms | Allocations: 3174)


Started GET "/friends" for ::1 at 2022-10-22 21:29:21 +0530
Processing by FriendsController#index as TURBO_STREAM
  Rendering layout layouts/application.html.erb
  Rendering friends/index.html.erb within layouts/application
  [1m[36mFriend Load (0.4ms)[0m  [1m[34mSELECT "friends".* FROM "friends"[0m
  ↳ app/views/friends/index.html.erb:5
  Rendered friends/_friend.html.erb (Duration: 0.2ms | Allocations: 31)
  Rendered friends/index.html.erb within layouts/application (Duration: 4.9ms | Allocations: 1269)
  Rendered home/_header.html.erb (Duration: 1.1ms | Allocations: 158)
  Rendered layout layouts/application.html.erb (Duration: 23.8ms | Allocations: 5316)
Completed 200 OK in 30ms (Views: 24.9ms | ActiveRecord: 0.4ms | Allocations: 5751)


Started GET "/friends/new" for ::1 at 2022-10-22 21:29:27 +0530
Processing by FriendsController#new as HTML
  Rendering layout layouts/application.html.erb
  Rendering friends/new.html.erb within layouts/application
  Rendered friends/_form.html.erb (Duration: 11.3ms | Allocations: 2511)
  Rendered friends/new.html.erb within layouts/application (Duration: 17.3ms | Allocations: 2833)
  Rendered home/_header.html.erb (Duration: 0.6ms | Allocations: 158)
  Rendered layout layouts/application.html.erb (Duration: 53.7ms | Allocations: 6761)
Completed 200 OK in 65ms (Views: 55.6ms | ActiveRecord: 0.0ms | Allocations: 7196)


Started POST "/friends" for ::1 at 2022-10-22 21:30:11 +0530
Processing by FriendsController#create as TURBO_STREAM
  Parameters: {"authenticity_token"=>"[FILTERED]", "friend"=>{"first_name"=>"amulya ", "last_name"=>"Vellanki", "email"=>"amulyavellanki510@gmail.com", "phone"=>"7285925590", "insta"=>"_amulya_vellanki_"}, "commit"=>"Create Friend"}
  [1m[36mTRANSACTION (0.1ms)[0m  [1m[36mbegin transaction[0m
  ↳ app/controllers/friends_controller.rb:27:in `block in create'
  [1m[36mFriend Create (2.2ms)[0m  [1m[32mINSERT INTO "friends" ("first_name", "last_name", "email", "phone", "insta", "created_at", "updated_at") VALUES (?, ?, ?, ?, ?, ?, ?)[0m  [["first_name", "amulya "], ["last_name", "Vellanki"], ["email", "amulyavellanki510@gmail.com"], ["phone", "7285925590"], ["insta", "_amulya_vellanki_"], ["created_at", "2022-10-22 16:00:11.544120"], ["updated_at", "2022-10-22 16:00:11.544120"]]
  ↳ app/controllers/friends_controller.rb:27:in `block in create'
  [1m[36mTRANSACTION (162.8ms)[0m  [1m[36mcommit transaction[0m
  ↳ app/controllers/friends_controller.rb:27:in `block in create'
Redirected to http://localhost:3000/friends/3
Completed 302 Found in 187ms (ActiveRecord: 165.2ms | Allocations: 3641)


Started GET "/friends/3" for ::1 at 2022-10-22 21:30:11 +0530
Processing by FriendsController#show as TURBO_STREAM
  Parameters: {"id"=>"3"}
  [1m[36mFriend Load (0.4ms)[0m  [1m[34mSELECT "friends".* FROM "friends" WHERE "friends"."id" = ? LIMIT ?[0m  [["id", 3], ["LIMIT", 1]]
  ↳ app/controllers/friends_controller.rb:63:in `set_friend'
  Rendering layout layouts/application.html.erb
  Rendering friends/show.html.erb within layouts/application
  Rendered friends/_friend.html.erb (Duration: 0.2ms | Allocations: 26)
  Rendered friends/show.html.erb within layouts/application (Duration: 2.7ms | Allocations: 857)
  Rendered home/_header.html.erb (Duration: 0.7ms | Allocations: 158)
  Rendered layout layouts/application.html.erb (Duration: 28.4ms | Allocations: 4777)
Completed 200 OK in 38ms (Views: 29.9ms | ActiveRecord: 0.4ms | Allocations: 5590)


Started GET "/friends" for ::1 at 2022-10-22 21:30:16 +0530
Processing by FriendsController#index as HTML
  Rendering layout layouts/application.html.erb
  Rendering friends/index.html.erb within layouts/application
  [1m[36mFriend Load (0.4ms)[0m  [1m[34mSELECT "friends".* FROM "friends"[0m
  ↳ app/views/friends/index.html.erb:5
  Rendered friends/_friend.html.erb (Duration: 0.2ms | Allocations: 26)
  Rendered friends/_friend.html.erb (Duration: 0.1ms | Allocations: 25)
  Rendered friends/index.html.erb within layouts/application (Duration: 6.1ms | Allocations: 1269)
  Rendered home/_header.html.erb (Duration: 1.0ms | Allocations: 158)
  Rendered layout layouts/application.html.erb (Duration: 23.6ms | Allocations: 5210)
Completed 200 OK in 30ms (Views: 24.7ms | ActiveRecord: 0.4ms | Allocations: 5561)


Started GET "/friends/new" for ::1 at 2022-10-22 21:30:37 +0530
Processing by FriendsController#new as HTML
  Rendering layout layouts/application.html.erb
  Rendering friends/new.html.erb within layouts/application
  Rendered friends/_form.html.erb (Duration: 6.1ms | Allocations: 1937)
  Rendered friends/new.html.erb within layouts/application (Duration: 6.8ms | Allocations: 2025)
  Rendered home/_header.html.erb (Duration: 0.4ms | Allocations: 158)
  Rendered layout layouts/application.html.erb (Duration: 27.7ms | Allocations: 5953)
Completed 200 OK in 36ms (Views: 29.8ms | ActiveRecord: 0.0ms | Allocations: 6309)


Started GET "/home/about" for ::1 at 2022-10-22 21:30:40 +0530
Processing by HomeController#about as HTML
  Rendering layout layouts/application.html.erb
  Rendering home/about.html.erb within layouts/application
  Rendered home/about.html.erb within layouts/application (Duration: 1.9ms | Allocations: 123)
  Rendered home/_header.html.erb (Duration: 0.6ms | Allocations: 213)
  Rendered layout layouts/application.html.erb (Duration: 25.3ms | Allocations: 4802)
Completed 200 OK in 47ms (Views: 38.4ms | ActiveRecord: 0.0ms | Allocations: 5753)


Started GET "/home/about" for ::1 at 2022-10-22 21:31:22 +0530
Processing by HomeController#about as HTML
  Rendering layout layouts/application.html.erb
  Rendering home/about.html.erb within layouts/application
  Rendered home/about.html.erb within layouts/application (Duration: 4.4ms | Allocations: 130)
  Rendered home/_header.html.erb (Duration: 4.2ms | Allocations: 555)
  Rendered layout layouts/application.html.erb (Duration: 57.7ms | Allocations: 5551)
Completed 200 OK in 98ms (Views: 84.7ms | ActiveRecord: 0.0ms | Allocations: 6729)


Started GET "/home/about" for ::1 at 2022-10-22 21:31:33 +0530
Processing by HomeController#about as HTML
  Rendering layout layouts/application.html.erb
  Rendering home/about.html.erb within layouts/application
  Rendered home/about.html.erb within layouts/application (Duration: 3.7ms | Allocations: 130)
  Rendered home/_header.html.erb (Duration: 4.2ms | Allocations: 555)
  Rendered layout layouts/application.html.erb (Duration: 64.2ms | Allocations: 5527)
Completed 200 OK in 103ms (Views: 88.1ms | ActiveRecord: 0.0ms | Allocations: 6689)


Started GET "/" for ::1 at 2022-10-22 21:31:39 +0530
Processing by HomeController#index as HTML
  Rendering layout layouts/application.html.erb
  Rendering home/index.html.erb within layouts/application
  Rendered home/index.html.erb within layouts/application (Duration: 1.7ms | Allocations: 101)
  Rendered home/_header.html.erb (Duration: 0.6ms | Allocations: 173)
  Rendered layout layouts/application.html.erb (Duration: 21.5ms | Allocations: 4454)
Completed 200 OK in 30ms (Views: 22.7ms | ActiveRecord: 0.0ms | Allocations: 4862)


Started GET "/" for ::1 at 2022-10-22 21:32:02 +0530
Processing by HomeController#index as HTML
  Rendering layout layouts/application.html.erb
  Rendering home/index.html.erb within layouts/application
  Rendered home/index.html.erb within layouts/application (Duration: 3.5ms | Allocations: 127)
  Rendered home/_header.html.erb (Duration: 6.2ms | Allocations: 555)
  Rendered layout layouts/application.html.erb (Duration: 58.7ms | Allocations: 5538)
Completed 200 OK in 105ms (Views: 91.2ms | ActiveRecord: 0.0ms | Allocations: 6683)


Started GET "/" for ::1 at 2022-10-22 21:36:20 +0530
Processing by HomeController#index as HTML
  Rendering layout layouts/application.html.erb
  Rendering home/index.html.erb within layouts/application
  Rendered home/index.html.erb within layouts/application (Duration: 0.1ms | Allocations: 7)
  Rendered home/_header.html.erb (Duration: 0.5ms | Allocations: 173)
  Rendered layout layouts/application.html.erb (Duration: 19.8ms | Allocations: 4359)
Completed 200 OK in 27ms (Views: 21.5ms | Allocations: 4710)


Started GET "/home/about" for ::1 at 2022-10-22 21:36:23 +0530
Processing by HomeController#about as HTML
  Rendering layout layouts/application.html.erb
  Rendering home/about.html.erb within layouts/application
  Rendered home/about.html.erb within layouts/application (Duration: 2.3ms | Allocations: 103)
  Rendered home/_header.html.erb (Duration: 0.5ms | Allocations: 173)
  Rendered layout layouts/application.html.erb (Duration: 20.8ms | Allocations: 4471)
Completed 200 OK in 31ms (Views: 22.1ms | Allocations: 4859)


Started GET "/friends" for ::1 at 2022-10-22 21:36:25 +0530
Processing by FriendsController#index as HTML
  Rendering layout layouts/application.html.erb
  Rendering friends/index.html.erb within layouts/application
  [1m[36mFriend Load (0.4ms)[0m  [1m[34mSELECT "friends".* FROM "friends"[0m
  ↳ app/views/friends/index.html.erb:5
  Rendered friends/_friend.html.erb (Duration: 2.8ms | Allocations: 273)
  Rendered friends/_friend.html.erb (Duration: 0.2ms | Allocations: 25)
  Rendered friends/index.html.erb within layouts/application (Duration: 16.3ms | Allocations: 2286)
  Rendered home/_header.html.erb (Duration: 0.7ms | Allocations: 169)
  Rendered layout layouts/application.html.erb (Duration: 38.1ms | Allocations: 6438)
Completed 200 OK in 56ms (Views: 49.2ms | ActiveRecord: 1.1ms | Allocations: 7418)


Started GET "/friends/new" for ::1 at 2022-10-22 21:36:29 +0530
Processing by FriendsController#new as HTML
  Rendering layout layouts/application.html.erb
  Rendering friends/new.html.erb within layouts/application
  Rendered friends/_form.html.erb (Duration: 10.8ms | Allocations: 2520)
  Rendered friends/new.html.erb within layouts/application (Duration: 16.1ms | Allocations: 2809)
  Rendered home/_header.html.erb (Duration: 0.4ms | Allocations: 158)
  Rendered layout layouts/application.html.erb (Duration: 35.4ms | Allocations: 6738)
Completed 200 OK in 46ms (Views: 37.3ms | ActiveRecord: 0.0ms | Allocations: 7173)


Started GET "/friends/new" for ::1 at 2022-10-22 21:37:21 +0530
Processing by FriendsController#new as HTML
  Rendering layout layouts/application.html.erb
  Rendering friends/new.html.erb within layouts/application
  Rendered friends/_form.html.erb (Duration: 12.3ms | Allocations: 2650)
  Rendered friends/new.html.erb within layouts/application (Duration: 18.6ms | Allocations: 2987)
  Rendered home/_header.html.erb (Duration: 4.3ms | Allocations: 508)
  Rendered layout layouts/application.html.erb (Duration: 54.1ms | Allocations: 7847)
Completed 200 OK in 90ms (Views: 80.4ms | ActiveRecord: 0.0ms | Allocations: 9010)


Started GET "/home/about" for ::1 at 2022-10-22 21:37:24 +0530
Processing by HomeController#about as HTML
  Rendering layout layouts/application.html.erb
  Rendering home/about.html.erb within layouts/application
  Rendered home/about.html.erb within layouts/application (Duration: 1.7ms | Allocations: 128)
  Rendered home/_header.html.erb (Duration: 0.5ms | Allocations: 213)
  Rendered layout layouts/application.html.erb (Duration: 20.8ms | Allocations: 4813)
Completed 200 OK in 42ms (Views: 34.7ms | ActiveRecord: 0.0ms | Allocations: 5780)


Started GET "/friends" for ::1 at 2022-10-22 21:37:26 +0530
Processing by FriendsController#index as HTML
  Rendering layout layouts/application.html.erb
  Rendering friends/index.html.erb within layouts/application
  [1m[36mFriend Load (0.4ms)[0m  [1m[34mSELECT "friends".* FROM "friends"[0m
  ↳ app/views/friends/index.html.erb:5
  Rendered friends/_friend.html.erb (Duration: 2.4ms | Allocations: 269)
  Rendered friends/_friend.html.erb (Duration: 0.1ms | Allocations: 25)
  Rendered friends/index.html.erb within layouts/application (Duration: 12.7ms | Allocations: 1912)
  Rendered home/_header.html.erb (Duration: 0.4ms | Allocations: 158)
  Rendered layout layouts/application.html.erb (Duration: 31.5ms | Allocations: 5863)
Completed 200 OK in 41ms (Views: 32.6ms | ActiveRecord: 0.4ms | Allocations: 6329)


